2023-03-01 14:46:24,315 : INFO : popt.loop.optimize : Running optimization loops...
2023-03-01 14:46:24,315 : INFO : popt.loop.optimize : iter       alpha_iter obj_func   alpha      cov[0,0]  
2023-03-01 14:46:24,315 : INFO : popt.loop.optimize : 0          0          0.19       0.00e+00   0.00e+00  
2023-03-01 14:46:32,757 : INFO : popt.loop.optimize : 1          0          0.30       2.50e-01   9.36e-03  
2023-03-01 14:46:41,008 : INFO : popt.loop.optimize : 2          0          0.36       2.50e-01   8.57e-03  
2023-03-01 14:46:49,259 : INFO : popt.loop.optimize : 3          0          0.36       2.50e-01   8.00e-03  
2023-03-01 14:47:00,452 : INFO : popt.loop.optimize : Optimization converged in 3 iterations 
2023-03-01 14:47:00,452 : INFO : popt.loop.optimize : Optimization converged with final obj_func = 0.36
2023-03-01 14:47:00,452 : INFO : popt.loop.optimize : Total number of function evaluations = 27
2023-03-01 14:47:00,452 : INFO : popt.loop.optimize : Total elapsed time = 0.60 minutes
2023-03-09 14:13:09,176 : INFO : popt.loop.optimize : Running optimization loops...
2023-03-09 14:13:09,176 : INFO : popt.loop.optimize : iter       alpha_iter obj_func   alpha      cov[0,0]  
2023-03-09 14:13:09,176 : INFO : popt.loop.optimize : 0          0          0.19       0.00e+00   0.00e+00  
2023-03-09 14:13:17,687 : INFO : popt.loop.optimize : 1          0          0.30       2.50e-01   9.36e-03  
2023-03-09 14:13:25,484 : INFO : popt.loop.optimize : 2          0          0.36       2.50e-01   8.57e-03  
2023-03-09 14:13:35,318 : INFO : popt.loop.optimize : 3          0          0.36       2.50e-01   8.00e-03  
2023-03-09 14:13:49,552 : INFO : popt.loop.optimize : Optimization converged in 3 iterations 
2023-03-09 14:13:49,552 : INFO : popt.loop.optimize : Optimization converged with final obj_func = 0.36
2023-03-09 14:13:49,553 : INFO : popt.loop.optimize : Total number of function evaluations = 27
2023-03-09 14:13:49,553 : INFO : popt.loop.optimize : Total elapsed time = 0.67 minutes
2023-03-10 09:21:09,388 : INFO : popt.loop.optimize : Running optimization loops...
2023-03-10 09:21:09,388 : INFO : popt.loop.optimize : iter       alpha_iter obj_func   alpha      cov[0,0]  
2023-03-10 09:21:09,388 : INFO : popt.loop.optimize : 0          0          0.19       0.00e+00   0.00e+00  
2023-03-10 09:21:18,488 : INFO : popt.loop.optimize : 1          0          0.30       2.50e-01   9.36e-03  
2023-03-10 09:21:25,856 : INFO : popt.loop.optimize : 2          0          0.36       2.50e-01   8.57e-03  
2023-03-10 09:21:33,751 : INFO : popt.loop.optimize : 3          0          0.36       2.50e-01   8.00e-03  
2023-03-10 09:21:45,744 : INFO : popt.loop.optimize : Optimization converged in 3 iterations 
2023-03-10 09:21:45,745 : INFO : popt.loop.optimize : Optimization converged with final obj_func = 0.36
2023-03-10 09:21:45,745 : INFO : popt.loop.optimize : Total number of function evaluations = 27
2023-03-10 09:21:45,745 : INFO : popt.loop.optimize : Total elapsed time = 0.61 minutes
2023-03-10 10:09:10,812 : INFO : popt.loop.optimize : Running optimization loops...
2023-03-10 10:09:10,812 : INFO : popt.loop.optimize : iter       alpha_iter obj_func   alpha      cov[0,0]  
2023-03-10 10:09:10,812 : INFO : popt.loop.optimize : 0          0          0.19       0.00e+00   0.00e+00  
2023-03-10 10:09:24,219 : INFO : popt.loop.optimize : 1          0          0.30       2.50e-01   9.36e-03  
2023-03-10 10:09:37,016 : INFO : popt.loop.optimize : 2          0          0.36       2.50e-01   8.57e-03  
2023-03-10 10:09:53,266 : INFO : popt.loop.optimize : 3          0          0.36       2.50e-01   8.00e-03  
2023-03-10 10:10:11,448 : INFO : popt.loop.optimize : Optimization converged in 3 iterations 
2023-03-10 10:10:11,448 : INFO : popt.loop.optimize : Optimization converged with final obj_func = 0.36
2023-03-10 10:10:11,448 : INFO : popt.loop.optimize : Total number of function evaluations = 27
2023-03-10 10:10:11,448 : INFO : popt.loop.optimize : Total elapsed time = 1.01 minutes
2023-09-01 14:23:40,197 : INFO : popt.loop.optimize : Running optimization loops...
2023-09-01 14:23:40,202 : INFO : popt.loop.optimize : iter       alpha_iter obj_func   alpha      cov[0,0]  
2023-09-01 14:23:40,202 : INFO : popt.loop.optimize : 0          0          0.19       0.00e+00   0.00e+00  
2023-09-01 14:23:48,410 : INFO : popt.loop.optimize : 1          0          0.34       2.50e-01   9.57e-03  
2023-09-01 14:23:56,357 : INFO : popt.loop.optimize : 2          0          0.36       2.50e-01   9.39e-03  
2023-09-01 14:24:04,157 : INFO : popt.loop.optimize : 3          0          0.36       2.50e-01   8.97e-03  
2023-09-01 14:24:15,367 : INFO : popt.loop.optimize : Optimization converged in 3 iterations 
2023-09-01 14:24:15,367 : INFO : popt.loop.optimize : Optimization converged with final obj_func = 0.36
2023-09-01 14:24:15,367 : INFO : popt.loop.optimize : Total number of function evaluations = 27
2023-09-01 14:24:15,367 : INFO : popt.loop.optimize : Total elapsed time = 0.59 minutes
2023-09-06 15:35:20,717 : INFO : popt.loop.optimize : Running optimization loops...
2023-09-06 15:35:20,718 : INFO : popt.loop.optimize : iter       alpha_iter obj_func   alpha      cov[0,0]  
2023-09-06 15:35:20,718 : INFO : popt.loop.optimize : 0          0          0.19       0.00e+00   0.00e+00  
2023-09-06 15:36:50,978 : INFO : popt.loop.optimize : Running optimization loops...
2023-09-06 15:36:50,979 : INFO : popt.loop.optimize : iter       alpha_iter obj_func   alpha      cov[0,0]  
2023-09-06 15:36:50,979 : INFO : popt.loop.optimize : 0          0          0.19       0.00e+00   0.00e+00  
2023-09-06 15:38:54,959 : INFO : popt.loop.optimize : Running optimization loops...
2023-09-06 15:38:54,959 : INFO : popt.loop.optimize : iter       alpha_iter obj_func   alpha      cov[0,0]  
2023-09-06 15:38:54,959 : INFO : popt.loop.optimize : 0          0          0.19       0.00e+00   0.00e+00  
2023-09-06 15:40:36,689 : INFO : popt.loop.optimize : Running optimization loops...
2023-09-06 15:40:36,689 : INFO : popt.loop.optimize : iter       alpha_iter obj_func   alpha      cov[0,0]  
2023-09-06 15:40:36,689 : INFO : popt.loop.optimize : 0          0          0.19       0.00e+00   0.00e+00  
2023-09-06 15:40:44,926 : INFO : popt.loop.optimize : 1          0          0.34       2.50e-01   9.57e-03  
2023-09-06 15:40:52,969 : INFO : popt.loop.optimize : 2          0          0.36       2.50e-01   9.39e-03  
2023-09-06 15:41:01,471 : INFO : popt.loop.optimize : 3          0          0.36       2.50e-01   8.97e-03  
2023-09-06 15:41:13,350 : INFO : popt.loop.optimize : Optimization converged in 3 iterations 
2023-09-06 15:41:13,351 : INFO : popt.loop.optimize : Optimization converged with final obj_func = 0.36
2023-09-06 15:41:13,351 : INFO : popt.loop.optimize : Total number of function evaluations = 27
2023-09-06 15:41:13,351 : INFO : popt.loop.optimize : Total elapsed time = 0.61 minutes
2023-09-15 13:54:32,860 : INFO : popt.loop.optimize : Running optimization loops...
2023-09-15 13:54:32,860 : INFO : popt.loop.optimize : iter       alpha_iter obj_func   alpha      cov[0,0]  
2023-09-15 13:54:32,860 : INFO : popt.loop.optimize : 0          0          0.19       0.00e+00   0.00e+00  
2023-09-15 13:54:40,973 : INFO : popt.loop.optimize : 1          0          0.34       2.50e-01   9.57e-03  
2023-09-15 13:54:48,977 : INFO : popt.loop.optimize : 2          0          0.36       2.50e-01   9.39e-03  
2023-09-15 13:54:56,602 : INFO : popt.loop.optimize : 3          0          0.36       2.50e-01   8.97e-03  
2023-09-15 13:55:07,721 : INFO : popt.loop.optimize : Optimization converged in 3 iterations 
2023-09-15 13:55:07,721 : INFO : popt.loop.optimize : Optimization converged with final obj_func = 0.36
2023-09-15 13:55:07,721 : INFO : popt.loop.optimize : Total number of function evaluations = 27
2023-09-15 13:55:07,721 : INFO : popt.loop.optimize : Total elapsed time = 0.58 minutes
2023-09-15 13:56:04,868 : INFO : popt.loop.optimize : Running optimization loops...
2023-09-15 13:56:04,868 : INFO : popt.loop.optimize : iter       alpha_iter obj_func   alpha      cov[0,0]  
2023-09-15 13:56:04,868 : INFO : popt.loop.optimize : 0          0          0.19       0.00e+00   0.00e+00  
2023-09-15 13:56:13,691 : INFO : popt.loop.optimize : 1          0          0.36       2.50e-01   9.57e-03  
2023-09-15 13:56:21,846 : INFO : popt.loop.optimize : 2          0          0.37       2.50e-01   9.37e-03  
2023-09-15 13:56:29,704 : INFO : popt.loop.optimize : 3          0          0.38       2.50e-01   9.50e-03  
2023-09-15 13:56:41,188 : INFO : popt.loop.optimize : Optimization converged in 3 iterations 
2023-09-15 13:56:41,188 : INFO : popt.loop.optimize : Optimization converged with final obj_func = 0.38
2023-09-15 13:56:41,188 : INFO : popt.loop.optimize : Total number of function evaluations = 27
2023-09-15 13:56:41,188 : INFO : popt.loop.optimize : Total elapsed time = 0.61 minutes
2023-09-15 13:57:23,860 : INFO : popt.loop.optimize : Running optimization loops...
2023-09-15 13:57:23,860 : INFO : popt.loop.optimize : iter       alpha_iter obj_func   alpha      cov[0,0]  
2023-09-15 13:57:23,860 : INFO : popt.loop.optimize : 0          0          0.19       0.00e+00   0.00e+00  
2023-09-15 13:57:31,921 : INFO : popt.loop.optimize : 1          0          0.34       2.50e-01   9.57e-03  
2023-09-15 13:57:39,903 : INFO : popt.loop.optimize : 2          0          0.36       2.50e-01   9.39e-03  
2023-09-15 13:57:47,605 : INFO : popt.loop.optimize : 3          0          0.36       2.50e-01   8.97e-03  
2023-09-15 13:59:26,247 : INFO : popt.loop.optimize : Optimization converged in 3 iterations 
2023-09-15 13:59:26,247 : INFO : popt.loop.optimize : Optimization converged with final obj_func = 0.36
2023-09-15 13:59:26,247 : INFO : popt.loop.optimize : Total number of function evaluations = 67
2023-09-15 13:59:26,247 : INFO : popt.loop.optimize : Total elapsed time = 2.04 minutes
2023-09-15 14:05:35,119 : INFO : popt.loop.optimize : Running optimization loops...
2023-09-15 14:05:35,119 : INFO : popt.loop.optimize : iter       alpha_iter obj_func   alpha      cov[0,0]  
2023-09-15 14:05:35,119 : INFO : popt.loop.optimize : 0          0          0.19       0.00e+00   0.00e+00  
2023-09-15 14:06:19,622 : INFO : popt.loop.optimize : Optimization converged in 0 iterations 
2023-09-15 14:06:19,622 : INFO : popt.loop.optimize : Optimization converged with final obj_func = 0.19
2023-09-15 14:06:19,622 : INFO : popt.loop.optimize : Total number of function evaluations = 25
2023-09-15 14:06:19,622 : INFO : popt.loop.optimize : Total elapsed time = 0.74 minutes
2023-09-15 15:45:53,956 : INFO : popt.loop.optimize : Running optimization loops...
2023-09-15 15:45:53,956 : INFO : popt.loop.optimize : iter       alpha_iter obj_func   alpha      cov[0,0]  
2023-09-15 15:45:53,956 : INFO : popt.loop.optimize : 0          0          0.19       0.00e+00   0.00e+00  
2023-09-15 15:46:03,816 : INFO : popt.loop.optimize : 1          1          0.38       2.50e-01   9.57e-03  
2023-09-15 15:46:49,487 : INFO : popt.loop.optimize : Optimization converged in 1 iterations 
2023-09-15 15:46:49,487 : INFO : popt.loop.optimize : Optimization converged with final obj_func = 0.38
2023-09-15 15:46:49,487 : INFO : popt.loop.optimize : Total number of function evaluations = 32
2023-09-15 15:46:49,487 : INFO : popt.loop.optimize : Total elapsed time = 0.93 minutes
2023-09-15 15:51:44,672 : INFO : popt.loop.optimize : Running optimization loops...
2023-09-15 15:51:44,672 : INFO : popt.loop.optimize : iter       alpha_iter obj_func   alpha      cov[0,0]  
2023-09-15 15:51:44,672 : INFO : popt.loop.optimize : 0          0          0.19       0.00e+00   0.00e+00  
2023-09-15 15:51:54,643 : INFO : popt.loop.optimize : 1          1          0.38       2.50e-01   9.57e-03  
2023-09-15 15:52:40,638 : INFO : popt.loop.optimize : Optimization converged in 1 iterations 
2023-09-15 15:52:40,638 : INFO : popt.loop.optimize : Optimization converged with final obj_func = 0.38
2023-09-15 15:52:40,638 : INFO : popt.loop.optimize : Total number of function evaluations = 32
2023-09-15 15:52:40,638 : INFO : popt.loop.optimize : Total elapsed time = 0.93 minutes
2023-09-15 16:03:18,857 : INFO : popt.loop.optimize : Running optimization loops...
2023-09-15 16:03:18,857 : INFO : popt.loop.optimize : iter       alpha_iter obj_func   alpha      cov[0,0]  
2023-09-15 16:03:18,858 : INFO : popt.loop.optimize : 0          0          0.19       0.00e+00   0.00e+00  
2023-09-15 16:03:29,562 : INFO : popt.loop.optimize : 1          1          0.38       2.50e-01   9.57e-03  
2023-09-15 16:04:14,653 : INFO : popt.loop.optimize : Optimization converged in 1 iterations 
2023-09-15 16:04:14,654 : INFO : popt.loop.optimize : Optimization converged with final obj_func = 0.38
2023-09-15 16:04:14,654 : INFO : popt.loop.optimize : Total number of function evaluations = 32
2023-09-15 16:04:14,654 : INFO : popt.loop.optimize : Total elapsed time = 0.93 minutes
2023-09-18 09:47:40,600 : INFO : popt.loop.optimize : Running optimization loops...
2023-09-18 09:47:40,600 : INFO : popt.loop.optimize : iter       alpha_iter obj_func   step-size  alpha_dim1 beta_dim1 
2023-09-18 09:47:40,601 : INFO : popt.loop.optimize : 0          0          0.19       0.00e+00   0.00e+00   0.00e+00  
2023-09-18 09:47:51,292 : INFO : popt.loop.optimize : 1          1          0.38       2.50e-01   9.57e-03  
2023-09-18 09:48:40,986 : INFO : popt.loop.optimize : Optimization converged in 1 iterations 
2023-09-18 09:48:40,987 : INFO : popt.loop.optimize : Optimization converged with final obj_func = 0.38
2023-09-18 09:48:40,987 : INFO : popt.loop.optimize : Total number of function evaluations = 32
2023-09-18 09:48:40,987 : INFO : popt.loop.optimize : Total elapsed time = 1.01 minutes
2023-09-18 10:23:57,252 : INFO : popt.loop.optimize : Running optimization loops...
2023-09-18 10:23:57,252 : INFO : popt.loop.optimize : iter       alpha_iter obj_func   step-size  alpha_dim1 beta_dim1 
2023-09-18 10:23:57,252 : INFO : popt.loop.optimize : 0          0          0.19       0.00e+00   0.00e+00   0.00e+00  
2023-09-18 13:23:52,843 : INFO : popt.loop.optimize : Running optimization loops...
2023-09-18 13:23:52,843 : INFO : popt.loop.optimize : iter       alpha_iter obj_func   step-size  alpha_dim1 beta_dim1 
2023-09-18 13:23:52,843 : INFO : popt.loop.optimize : 0          0          0.19       0.00e+00   0.00e+00   0.00e+00  
2023-09-18 13:24:37,665 : INFO : popt.loop.optimize : Running optimization loops...
2023-09-18 13:24:37,665 : INFO : popt.loop.optimize : iter       alpha_iter obj_func   step-size  alpha_dim1 beta_dim1 
2023-09-18 13:24:37,665 : INFO : popt.loop.optimize : 0          0          0.19       0.00e+00   0.00e+00   0.00e+00  
2023-09-18 13:26:56,557 : INFO : popt.loop.optimize : Running optimization loops...
2023-09-18 13:26:56,557 : INFO : popt.loop.optimize : iter       alpha_iter obj_func   step-size  alpha_dim1 beta_dim1 
2023-09-18 13:26:56,557 : INFO : popt.loop.optimize : 0          0          0.19       0.00e+00   0.00e+00   0.00e+00  
2023-09-18 13:27:06,475 : INFO : popt.loop.optimize : 1          1          0.38       2.50e-01   9.57e-03  
2023-09-18 13:27:53,558 : INFO : popt.loop.optimize : Optimization converged in 1 iterations 
2023-09-18 13:27:53,558 : INFO : popt.loop.optimize : Optimization converged with final obj_func = 0.38
2023-09-18 13:27:53,558 : INFO : popt.loop.optimize : Total number of function evaluations = 32
2023-09-18 13:27:53,558 : INFO : popt.loop.optimize : Total elapsed time = 0.95 minutes
2023-09-18 13:34:45,024 : INFO : popt.loop.optimize : Running optimization loops...
2023-09-18 13:34:45,024 : INFO : popt.loop.optimize : iter       alpha_iter obj_func   step-size  alpha_dim1 beta_dim1 
2023-09-18 13:34:45,024 : INFO : popt.loop.optimize : 0          0          0.19       0.00e+00   0.00e+00   0.00e+00  
2023-09-18 13:34:55,385 : INFO : popt.loop.optimize : 1          1          0.38       2.50e-01   9.57e-03  
2023-09-18 13:35:40,653 : INFO : popt.loop.optimize : Optimization converged in 1 iterations 
2023-09-18 13:35:40,653 : INFO : popt.loop.optimize : Optimization converged with final obj_func = 0.38
2023-09-18 13:35:40,653 : INFO : popt.loop.optimize : Total number of function evaluations = 32
2023-09-18 13:35:40,653 : INFO : popt.loop.optimize : Total elapsed time = 0.93 minutes
2023-09-18 15:06:30,978 : INFO : popt.loop.optimize : Running optimization loops...
2023-09-18 15:06:30,978 : INFO : popt.loop.optimize : iter       alpha_iter obj_func   step-size  alpha_dim1 beta_dim1 
2023-09-18 15:06:30,978 : INFO : popt.loop.optimize : 0          0          0.19       0.00e+00   0.00e+00   0.00e+00  
2023-09-18 15:06:40,966 : INFO : popt.loop.optimize : 1          1          0.38       2.50e-01   9.57e-03  
2023-09-18 15:06:52,413 : INFO : popt.loop.optimize : Optimization converged in 1 iterations 
2023-09-18 15:06:52,414 : INFO : popt.loop.optimize : Optimization converged with final obj_func = 0.38
2023-09-18 15:06:52,414 : INFO : popt.loop.optimize : Total number of function evaluations = 16
2023-09-18 15:06:52,414 : INFO : popt.loop.optimize : Total elapsed time = 0.36 minutes
2023-09-18 15:07:39,451 : INFO : popt.loop.optimize : Running optimization loops...
2023-09-18 15:07:39,452 : INFO : popt.loop.optimize : iter       alpha_iter obj_func   step-size  alpha_dim1 beta_dim1 
2023-09-18 15:07:39,452 : INFO : popt.loop.optimize : 0          0          0.19       0.00e+00   0.00e+00   0.00e+00  
2023-09-18 15:08:50,073 : INFO : popt.loop.optimize : 1          1          0.38       2.50e-01   9.57e-03  
2023-09-18 15:10:04,724 : INFO : popt.loop.optimize : Optimization converged in 1 iterations 
2023-09-18 15:10:04,725 : INFO : popt.loop.optimize : Optimization converged with final obj_func = 0.38
2023-09-18 15:10:04,725 : INFO : popt.loop.optimize : Total number of function evaluations = 16
2023-09-18 15:10:04,726 : INFO : popt.loop.optimize : Total elapsed time = 2.42 minutes
2023-09-18 15:11:42,763 : INFO : popt.loop.optimize : Running optimization loops...
2023-09-18 15:11:42,763 : INFO : popt.loop.optimize : iter       alpha_iter obj_func   step-size  alpha_dim1 beta_dim1 
2023-09-18 15:11:42,764 : INFO : popt.loop.optimize : 0          0          0.19       0.00e+00   0.00e+00   0.00e+00  
2023-09-18 15:11:52,737 : INFO : popt.loop.optimize : 1          1          0.38       2.50e-01   9.57e-03  
2023-09-18 15:12:03,924 : INFO : popt.loop.optimize : Optimization converged in 1 iterations 
2023-09-18 15:12:03,924 : INFO : popt.loop.optimize : Optimization converged with final obj_func = 0.38
2023-09-18 15:12:03,924 : INFO : popt.loop.optimize : Total number of function evaluations = 16
2023-09-18 15:12:03,924 : INFO : popt.loop.optimize : Total elapsed time = 0.35 minutes
2023-09-18 16:04:25,293 : INFO : popt.loop.optimize : Running optimization loops...
2023-09-18 16:04:25,293 : INFO : popt.loop.optimize : iter       alpha_iter obj_func   step-size  cov[0,0]   
2023-09-18 16:04:25,293 : INFO : popt.loop.optimize : 0          0          0.19       0.00e+00   0.00e+00  
2023-09-18 16:04:35,189 : INFO : popt.loop.optimize : 1          1          0.38       2.50e-01   9.57e-03  
2023-09-18 16:04:46,426 : INFO : popt.loop.optimize : Optimization converged in 1 iterations 
2023-09-18 16:04:46,426 : INFO : popt.loop.optimize : Optimization converged with final obj_func = 0.38
2023-09-18 16:04:46,426 : INFO : popt.loop.optimize : Total number of function evaluations = 16
2023-09-18 16:04:46,426 : INFO : popt.loop.optimize : Total elapsed time = 0.35 minutes
2023-09-19 15:13:24,436 : INFO : popt.loop.optimize : Running optimization loops...
2023-09-19 15:13:24,436 : INFO : popt.loop.optimize : iter       alpha_iter obj_func   step-size  cov[0,0]   
2023-09-19 15:13:24,436 : INFO : popt.loop.optimize : 0          0          0.19       0.00e+00   0.00e+00  
2023-09-19 15:13:34,439 : INFO : popt.loop.optimize : 1          1          0.38       2.50e-01   9.57e-03  
2023-09-19 15:13:45,744 : INFO : popt.loop.optimize : Optimization converged in 1 iterations 
2023-09-19 15:13:45,744 : INFO : popt.loop.optimize : Optimization converged with final obj_func = 0.38
2023-09-19 15:13:45,744 : INFO : popt.loop.optimize : Total number of function evaluations = 16
2023-09-19 15:13:45,744 : INFO : popt.loop.optimize : Total elapsed time = 0.36 minutes
2023-09-20 13:35:20,857 : INFO : popt.loop.optimize : Running optimization loops...
2023-09-20 13:35:20,857 : INFO : popt.loop.optimize : iter       alpha_iter obj_func   step-size  cov[0,0]   
2023-09-20 13:35:20,857 : INFO : popt.loop.optimize : 0          0          0.19       0.00e+00   0.00e+00  
2023-09-20 13:35:32,149 : INFO : popt.loop.optimize : 1          1          0.38       1.25e-01   9.57e-03  
2023-09-20 13:35:43,781 : INFO : popt.loop.optimize : Optimization converged in 1 iterations 
2023-09-20 13:35:43,782 : INFO : popt.loop.optimize : Optimization converged with final obj_func = 0.38
2023-09-20 13:35:43,782 : INFO : popt.loop.optimize : Total number of function evaluations = 16
2023-09-20 13:35:43,782 : INFO : popt.loop.optimize : Total elapsed time = 0.38 minutes
2023-09-21 08:18:30,163 : INFO : popt.loop.optimize : Running optimization loops...
2023-09-21 08:18:30,163 : INFO : popt.loop.optimize : iter       alpha_iter obj_func   step-size  cov[0,0]   
2023-09-21 08:18:30,163 : INFO : popt.loop.optimize : 0          0          0.19       0.00e+00   0.00e+00  
2023-09-27 11:07:19,660 : INFO : popt.loop.optimize : Running optimization loops...
2023-09-27 11:07:20,104 : INFO : popt.loop.optimize : iter       alpha_iter obj_func   step-size  cov[0,0]   
2023-09-27 11:07:21,248 : INFO : popt.loop.optimize : 0          0          -25.69     0.00e+00   0.00e+00  
2023-09-27 11:08:50,740 : INFO : popt.loop.optimize : Running optimization loops...
2023-09-27 11:08:50,740 : INFO : popt.loop.optimize : iter       alpha_iter obj_func   step-size  cov[0,0]   
2023-09-27 11:08:50,740 : INFO : popt.loop.optimize : 0          0          -25.69     0.00e+00   0.00e+00  
2023-09-27 11:09:01,616 : INFO : popt.loop.optimize : 1          1          -21.87     1.25e-01   9.57e-03  
2023-09-27 11:09:14,081 : INFO : popt.loop.optimize : Optimization converged in 1 iterations 
2023-09-27 11:09:14,082 : INFO : popt.loop.optimize : Optimization converged with final obj_func = -21.87
2023-09-27 11:09:14,082 : INFO : popt.loop.optimize : Total number of function evaluations = 16
2023-09-27 11:09:14,082 : INFO : popt.loop.optimize : Total elapsed time = 0.39 minutes
